[0.362s] DEBUG:colcon:Command line arguments: ['/usr/bin/colcon', 'build', '--symlink-install']
[0.362s] DEBUG:colcon:Parsed command line arguments: Namespace(log_base=None, log_level=None, verb_name='build', build_base='build', install_base='install', merge_install=False, symlink_install=True, test_result_base=None, continue_on_error=False, executor='parallel', parallel_workers=20, event_handlers=None, ignore_user_meta=False, metas=['./colcon.meta'], base_paths=['.'], packages_ignore=None, packages_ignore_regex=None, paths=None, packages_up_to=None, packages_up_to_regex=None, packages_above=None, packages_above_and_dependencies=None, packages_above_depth=None, packages_select_by_dep=None, packages_skip_by_dep=None, packages_skip_up_to=None, packages_select_build_failed=False, packages_skip_build_finished=False, packages_select_test_failures=False, packages_skip_test_passed=False, packages_select=None, packages_skip=None, packages_select_regex=None, packages_skip_regex=None, packages_start=None, packages_end=None, allow_overriding=[], cmake_args=None, cmake_target=None, cmake_target_skip_unavailable=False, cmake_clean_cache=False, cmake_clean_first=False, cmake_force_configure=False, ament_cmake_args=None, catkin_cmake_args=None, catkin_skip_building_tests=False, verb_parser=<colcon_defaults.argument_parser.defaults.DefaultArgumentsDecorator object at 0x7fd56aecc790>, verb_extension=<colcon_core.verb.build.BuildVerb object at 0x7fd56aecd900>, main=<bound method BuildVerb.main of <colcon_core.verb.build.BuildVerb object at 0x7fd56aecd900>>)
[0.381s] Level 1:colcon.colcon_core.package_discovery:discover_packages(colcon_meta) check parameters
[0.381s] Level 1:colcon.colcon_core.package_discovery:discover_packages(recursive) check parameters
[0.381s] Level 1:colcon.colcon_core.package_discovery:discover_packages(ignore) check parameters
[0.381s] Level 1:colcon.colcon_core.package_discovery:discover_packages(path) check parameters
[0.381s] Level 1:colcon.colcon_core.package_discovery:discover_packages(colcon_meta) discover
[0.381s] Level 1:colcon.colcon_core.package_discovery:discover_packages(recursive) discover
[0.381s] INFO:colcon.colcon_core.package_discovery:Crawling recursively for packages in '/home/hyc/ros2_ws/src/ros2-vicon-receiver/vicon_receiver'
[0.381s] Level 1:colcon.colcon_core.package_identification:_identify(.) by extensions ['ignore', 'ignore_ament_install']
[0.381s] Level 1:colcon.colcon_core.package_identification:_identify(.) by extension 'ignore'
[0.381s] Level 1:colcon.colcon_core.package_identification:_identify(.) by extension 'ignore_ament_install'
[0.381s] Level 1:colcon.colcon_core.package_identification:_identify(.) by extensions ['colcon_pkg']
[0.381s] Level 1:colcon.colcon_core.package_identification:_identify(.) by extension 'colcon_pkg'
[0.381s] Level 1:colcon.colcon_core.package_identification:_identify(.) by extensions ['colcon_meta']
[0.381s] Level 1:colcon.colcon_core.package_identification:_identify(.) by extension 'colcon_meta'
[0.381s] Level 1:colcon.colcon_core.package_identification:_identify(.) by extensions ['ros']
[0.381s] Level 1:colcon.colcon_core.package_identification:_identify(.) by extension 'ros'
[0.387s] DEBUG:colcon.colcon_core.package_identification:Package '.' with type 'ros.ament_cmake' and name 'vicon_receiver'
[0.387s] Level 1:colcon.colcon_core.package_discovery:discover_packages(recursive) using defaults
[0.388s] Level 1:colcon.colcon_core.package_discovery:discover_packages(ignore) discover
[0.388s] Level 1:colcon.colcon_core.package_discovery:discover_packages(ignore) using defaults
[0.388s] Level 1:colcon.colcon_core.package_discovery:discover_packages(path) discover
[0.388s] Level 1:colcon.colcon_core.package_discovery:discover_packages(path) using defaults
[0.422s] Level 1:colcon.colcon_core.package_discovery:discover_packages(prefix_path) check parameters
[0.422s] Level 1:colcon.colcon_core.package_discovery:discover_packages(prefix_path) discover
[0.427s] WARNING:colcon.colcon_core.prefix_path.colcon:The path '/home/hyc/ros2_ws/src/vicon_receiver/install' in the environment variable COLCON_PREFIX_PATH doesn't exist
[0.427s] WARNING:colcon.colcon_ros.prefix_path.ament:The path '/home/hyc/ros2_ws/src/vicon_receiver/install/vicon_receiver' in the environment variable AMENT_PREFIX_PATH doesn't exist
[0.427s] WARNING:colcon.colcon_ros.prefix_path.catkin:The path '/home/hyc/ros2_ws/src/vicon_receiver/install/vicon_receiver' in the environment variable CMAKE_PREFIX_PATH doesn't exist
[0.432s] DEBUG:colcon.colcon_installed_package_information.package_discovery:Found 1 installed packages in /home/hyc/ros2_ws/src/ros2-vicon-receiver/vicon_receiver/install
[0.438s] DEBUG:colcon.colcon_installed_package_information.package_discovery:Found 274 installed packages in /opt/ros/humble
[0.438s] Level 1:colcon.colcon_core.package_discovery:discover_packages(prefix_path) using defaults
[0.475s] Level 5:colcon.colcon_core.verb:set package 'vicon_receiver' build argument 'cmake_args' from command line to 'None'
[0.475s] Level 5:colcon.colcon_core.verb:set package 'vicon_receiver' build argument 'cmake_target' from command line to 'None'
[0.475s] Level 5:colcon.colcon_core.verb:set package 'vicon_receiver' build argument 'cmake_target_skip_unavailable' from command line to 'False'
[0.475s] Level 5:colcon.colcon_core.verb:set package 'vicon_receiver' build argument 'cmake_clean_cache' from command line to 'False'
[0.475s] Level 5:colcon.colcon_core.verb:set package 'vicon_receiver' build argument 'cmake_clean_first' from command line to 'False'
[0.475s] Level 5:colcon.colcon_core.verb:set package 'vicon_receiver' build argument 'cmake_force_configure' from command line to 'False'
[0.475s] Level 5:colcon.colcon_core.verb:set package 'vicon_receiver' build argument 'ament_cmake_args' from command line to 'None'
[0.475s] Level 5:colcon.colcon_core.verb:set package 'vicon_receiver' build argument 'catkin_cmake_args' from command line to 'None'
[0.475s] Level 5:colcon.colcon_core.verb:set package 'vicon_receiver' build argument 'catkin_skip_building_tests' from command line to 'False'
[0.475s] DEBUG:colcon.colcon_core.verb:Building package 'vicon_receiver' with the following arguments: {'ament_cmake_args': None, 'build_base': '/home/hyc/ros2_ws/src/ros2-vicon-receiver/vicon_receiver/build/vicon_receiver', 'catkin_cmake_args': None, 'catkin_skip_building_tests': False, 'cmake_args': None, 'cmake_clean_cache': False, 'cmake_clean_first': False, 'cmake_force_configure': False, 'cmake_target': None, 'cmake_target_skip_unavailable': False, 'install_base': '/home/hyc/ros2_ws/src/ros2-vicon-receiver/vicon_receiver/install/vicon_receiver', 'merge_install': False, 'path': '/home/hyc/ros2_ws/src/ros2-vicon-receiver/vicon_receiver', 'symlink_install': True, 'test_result_base': None}
[0.480s] INFO:colcon.colcon_core.executor:Executing jobs using 'parallel' executor
[0.485s] DEBUG:colcon.colcon_parallel_executor.executor.parallel:run_until_complete
[0.486s] INFO:colcon.colcon_ros.task.ament_cmake.build:Building ROS package in '/home/hyc/ros2_ws/src/ros2-vicon-receiver/vicon_receiver' with build type 'ament_cmake'
[0.486s] INFO:colcon.colcon_cmake.task.cmake.build:Building CMake package in '/home/hyc/ros2_ws/src/ros2-vicon-receiver/vicon_receiver'
[0.492s] INFO:colcon.colcon_core.plugin_system:Skipping extension 'colcon_core.shell.bat': Not used on non-Windows systems
[0.492s] INFO:colcon.colcon_core.shell:Skip shell extension 'powershell' for command environment: Not usable outside of PowerShell
[0.492s] DEBUG:colcon.colcon_core.shell:Skip shell extension 'dsv' for command environment
[0.511s] DEBUG:colcon.colcon_core.event_handler.log_command:Invoking command in '/home/hyc/ros2_ws/src/ros2-vicon-receiver/vicon_receiver/build/vicon_receiver': CMAKE_PREFIX_PATH=${CMAKE_PREFIX_PATH}:/opt/ros/humble /usr/bin/cmake --build /home/hyc/ros2_ws/src/ros2-vicon-receiver/vicon_receiver/build/vicon_receiver -- -j20 -l20
[0.677s] DEBUG:colcon.colcon_core.event_handler.log_command:Invoked command in '/home/hyc/ros2_ws/src/ros2-vicon-receiver/vicon_receiver/build/vicon_receiver' returned '0': CMAKE_PREFIX_PATH=${CMAKE_PREFIX_PATH}:/opt/ros/humble /usr/bin/cmake --build /home/hyc/ros2_ws/src/ros2-vicon-receiver/vicon_receiver/build/vicon_receiver -- -j20 -l20
[0.716s] DEBUG:colcon.colcon_core.event_handler.log_command:Invoking command in '/home/hyc/ros2_ws/src/ros2-vicon-receiver/vicon_receiver/build/vicon_receiver': CMAKE_PREFIX_PATH=${CMAKE_PREFIX_PATH}:/opt/ros/humble /usr/bin/cmake --install /home/hyc/ros2_ws/src/ros2-vicon-receiver/vicon_receiver/build/vicon_receiver
[0.753s] Level 1:colcon.colcon_core.environment:create_environment_scripts_only(vicon_receiver)
[0.753s] DEBUG:colcon.colcon_core.event_handler.log_command:Invoked command in '/home/hyc/ros2_ws/src/ros2-vicon-receiver/vicon_receiver/build/vicon_receiver' returned '0': CMAKE_PREFIX_PATH=${CMAKE_PREFIX_PATH}:/opt/ros/humble /usr/bin/cmake --install /home/hyc/ros2_ws/src/ros2-vicon-receiver/vicon_receiver/build/vicon_receiver
[0.759s] Level 1:colcon.colcon_core.environment:checking '/home/hyc/ros2_ws/src/ros2-vicon-receiver/vicon_receiver/install/vicon_receiver' for CMake module files
[0.760s] Level 1:colcon.colcon_core.environment:checking '/home/hyc/ros2_ws/src/ros2-vicon-receiver/vicon_receiver/install/vicon_receiver' for CMake config files
[0.760s] Level 1:colcon.colcon_core.shell:create_environment_hook('vicon_receiver', 'cmake_prefix_path')
[0.765s] INFO:colcon.colcon_core.shell:Creating environment hook '/home/hyc/ros2_ws/src/ros2-vicon-receiver/vicon_receiver/install/vicon_receiver/share/vicon_receiver/hook/cmake_prefix_path.ps1'
[0.765s] INFO:colcon.colcon_core.shell:Creating environment descriptor '/home/hyc/ros2_ws/src/ros2-vicon-receiver/vicon_receiver/install/vicon_receiver/share/vicon_receiver/hook/cmake_prefix_path.dsv'
[0.765s] INFO:colcon.colcon_core.shell:Creating environment hook '/home/hyc/ros2_ws/src/ros2-vicon-receiver/vicon_receiver/install/vicon_receiver/share/vicon_receiver/hook/cmake_prefix_path.sh'
[0.766s] Level 1:colcon.colcon_core.environment:checking '/home/hyc/ros2_ws/src/ros2-vicon-receiver/vicon_receiver/install/vicon_receiver/lib'
[0.766s] Level 1:colcon.colcon_core.shell:create_environment_hook('vicon_receiver', 'ld_library_path_lib')
[0.771s] INFO:colcon.colcon_core.shell:Creating environment hook '/home/hyc/ros2_ws/src/ros2-vicon-receiver/vicon_receiver/install/vicon_receiver/share/vicon_receiver/hook/ld_library_path_lib.ps1'
[0.771s] INFO:colcon.colcon_core.shell:Creating environment descriptor '/home/hyc/ros2_ws/src/ros2-vicon-receiver/vicon_receiver/install/vicon_receiver/share/vicon_receiver/hook/ld_library_path_lib.dsv'
[0.771s] INFO:colcon.colcon_core.shell:Creating environment hook '/home/hyc/ros2_ws/src/ros2-vicon-receiver/vicon_receiver/install/vicon_receiver/share/vicon_receiver/hook/ld_library_path_lib.sh'
[0.771s] Level 1:colcon.colcon_core.environment:checking '/home/hyc/ros2_ws/src/ros2-vicon-receiver/vicon_receiver/install/vicon_receiver/bin'
[0.771s] Level 1:colcon.colcon_core.environment:checking '/home/hyc/ros2_ws/src/ros2-vicon-receiver/vicon_receiver/install/vicon_receiver/lib/pkgconfig/vicon_receiver.pc'
[0.771s] Level 1:colcon.colcon_core.environment:checking '/home/hyc/ros2_ws/src/ros2-vicon-receiver/vicon_receiver/install/vicon_receiver/lib/python3.10/site-packages'
[0.771s] Level 1:colcon.colcon_core.environment:checking '/home/hyc/ros2_ws/src/ros2-vicon-receiver/vicon_receiver/install/vicon_receiver/bin'
[0.776s] INFO:colcon.colcon_core.shell:Creating package script '/home/hyc/ros2_ws/src/ros2-vicon-receiver/vicon_receiver/install/vicon_receiver/share/vicon_receiver/package.ps1'
[0.777s] INFO:colcon.colcon_core.shell:Creating package descriptor '/home/hyc/ros2_ws/src/ros2-vicon-receiver/vicon_receiver/install/vicon_receiver/share/vicon_receiver/package.dsv'
[0.777s] INFO:colcon.colcon_core.shell:Creating package script '/home/hyc/ros2_ws/src/ros2-vicon-receiver/vicon_receiver/install/vicon_receiver/share/vicon_receiver/package.sh'
[0.777s] INFO:colcon.colcon_core.shell:Creating package script '/home/hyc/ros2_ws/src/ros2-vicon-receiver/vicon_receiver/install/vicon_receiver/share/vicon_receiver/package.bash'
[0.778s] INFO:colcon.colcon_core.shell:Creating package script '/home/hyc/ros2_ws/src/ros2-vicon-receiver/vicon_receiver/install/vicon_receiver/share/vicon_receiver/package.zsh'
[0.778s] Level 1:colcon.colcon_core.environment:create_file_with_runtime_dependencies(/home/hyc/ros2_ws/src/ros2-vicon-receiver/vicon_receiver/install/vicon_receiver/share/colcon-core/packages/vicon_receiver)
[0.815s] Level 1:colcon.colcon_core.environment:create_environment_scripts_only(vicon_receiver)
[0.821s] Level 1:colcon.colcon_core.environment:checking '/home/hyc/ros2_ws/src/ros2-vicon-receiver/vicon_receiver/install/vicon_receiver' for CMake module files
[0.821s] Level 1:colcon.colcon_core.environment:checking '/home/hyc/ros2_ws/src/ros2-vicon-receiver/vicon_receiver/install/vicon_receiver' for CMake config files
[0.821s] Level 1:colcon.colcon_core.shell:create_environment_hook('vicon_receiver', 'cmake_prefix_path')
[0.827s] INFO:colcon.colcon_core.shell:Creating environment hook '/home/hyc/ros2_ws/src/ros2-vicon-receiver/vicon_receiver/install/vicon_receiver/share/vicon_receiver/hook/cmake_prefix_path.ps1'
[0.827s] INFO:colcon.colcon_core.shell:Creating environment descriptor '/home/hyc/ros2_ws/src/ros2-vicon-receiver/vicon_receiver/install/vicon_receiver/share/vicon_receiver/hook/cmake_prefix_path.dsv'
[0.827s] INFO:colcon.colcon_core.shell:Creating environment hook '/home/hyc/ros2_ws/src/ros2-vicon-receiver/vicon_receiver/install/vicon_receiver/share/vicon_receiver/hook/cmake_prefix_path.sh'
[0.827s] Level 1:colcon.colcon_core.environment:checking '/home/hyc/ros2_ws/src/ros2-vicon-receiver/vicon_receiver/install/vicon_receiver/lib'
[0.827s] Level 1:colcon.colcon_core.shell:create_environment_hook('vicon_receiver', 'ld_library_path_lib')
[0.832s] INFO:colcon.colcon_core.shell:Creating environment hook '/home/hyc/ros2_ws/src/ros2-vicon-receiver/vicon_receiver/install/vicon_receiver/share/vicon_receiver/hook/ld_library_path_lib.ps1'
[0.832s] INFO:colcon.colcon_core.shell:Creating environment descriptor '/home/hyc/ros2_ws/src/ros2-vicon-receiver/vicon_receiver/install/vicon_receiver/share/vicon_receiver/hook/ld_library_path_lib.dsv'
[0.833s] INFO:colcon.colcon_core.shell:Creating environment hook '/home/hyc/ros2_ws/src/ros2-vicon-receiver/vicon_receiver/install/vicon_receiver/share/vicon_receiver/hook/ld_library_path_lib.sh'
[0.833s] Level 1:colcon.colcon_core.environment:checking '/home/hyc/ros2_ws/src/ros2-vicon-receiver/vicon_receiver/install/vicon_receiver/bin'
[0.833s] Level 1:colcon.colcon_core.environment:checking '/home/hyc/ros2_ws/src/ros2-vicon-receiver/vicon_receiver/install/vicon_receiver/lib/pkgconfig/vicon_receiver.pc'
[0.833s] Level 1:colcon.colcon_core.environment:checking '/home/hyc/ros2_ws/src/ros2-vicon-receiver/vicon_receiver/install/vicon_receiver/lib/python3.10/site-packages'
[0.833s] Level 1:colcon.colcon_core.environment:checking '/home/hyc/ros2_ws/src/ros2-vicon-receiver/vicon_receiver/install/vicon_receiver/bin'
[0.838s] INFO:colcon.colcon_core.shell:Creating package script '/home/hyc/ros2_ws/src/ros2-vicon-receiver/vicon_receiver/install/vicon_receiver/share/vicon_receiver/package.ps1'
[0.838s] INFO:colcon.colcon_core.shell:Creating package descriptor '/home/hyc/ros2_ws/src/ros2-vicon-receiver/vicon_receiver/install/vicon_receiver/share/vicon_receiver/package.dsv'
[0.839s] INFO:colcon.colcon_core.shell:Creating package script '/home/hyc/ros2_ws/src/ros2-vicon-receiver/vicon_receiver/install/vicon_receiver/share/vicon_receiver/package.sh'
[0.839s] INFO:colcon.colcon_core.shell:Creating package script '/home/hyc/ros2_ws/src/ros2-vicon-receiver/vicon_receiver/install/vicon_receiver/share/vicon_receiver/package.bash'
[0.839s] INFO:colcon.colcon_core.shell:Creating package script '/home/hyc/ros2_ws/src/ros2-vicon-receiver/vicon_receiver/install/vicon_receiver/share/vicon_receiver/package.zsh'
[0.839s] Level 1:colcon.colcon_core.environment:create_file_with_runtime_dependencies(/home/hyc/ros2_ws/src/ros2-vicon-receiver/vicon_receiver/install/vicon_receiver/share/colcon-core/packages/vicon_receiver)
[0.839s] DEBUG:colcon.colcon_parallel_executor.executor.parallel:closing loop
[0.839s] DEBUG:colcon.colcon_parallel_executor.executor.parallel:loop closed
[0.839s] DEBUG:colcon.colcon_parallel_executor.executor.parallel:run_until_complete finished with '0'
[0.839s] DEBUG:colcon.colcon_core.event_reactor:joining thread
[0.849s] INFO:colcon.colcon_core.plugin_system:Skipping extension 'colcon_notification.desktop_notification.notify_send': Could not find 'notify-send'
[0.849s] INFO:colcon.colcon_core.plugin_system:Skipping extension 'colcon_notification.desktop_notification.terminal_notifier': Not used on non-Darwin systems
[0.849s] INFO:colcon.colcon_core.plugin_system:Skipping extension 'colcon_notification.desktop_notification.win32': Not used on non-Windows systems
[0.849s] INFO:colcon.colcon_notification.desktop_notification:Sending desktop notification using 'notify2'
[0.857s] DEBUG:colcon.colcon_core.event_reactor:joined thread
[0.863s] INFO:colcon.colcon_core.shell:Creating prefix script '/home/hyc/ros2_ws/src/ros2-vicon-receiver/vicon_receiver/install/local_setup.ps1'
[0.864s] INFO:colcon.colcon_core.shell:Creating prefix util module '/home/hyc/ros2_ws/src/ros2-vicon-receiver/vicon_receiver/install/_local_setup_util_ps1.py'
[0.864s] INFO:colcon.colcon_core.shell:Creating prefix chain script '/home/hyc/ros2_ws/src/ros2-vicon-receiver/vicon_receiver/install/setup.ps1'
[0.870s] INFO:colcon.colcon_core.shell:Creating prefix script '/home/hyc/ros2_ws/src/ros2-vicon-receiver/vicon_receiver/install/local_setup.sh'
[0.870s] INFO:colcon.colcon_core.shell:Creating prefix util module '/home/hyc/ros2_ws/src/ros2-vicon-receiver/vicon_receiver/install/_local_setup_util_sh.py'
[0.870s] INFO:colcon.colcon_core.shell:Creating prefix chain script '/home/hyc/ros2_ws/src/ros2-vicon-receiver/vicon_receiver/install/setup.sh'
[0.876s] INFO:colcon.colcon_core.shell:Creating prefix script '/home/hyc/ros2_ws/src/ros2-vicon-receiver/vicon_receiver/install/local_setup.bash'
[0.876s] INFO:colcon.colcon_core.shell:Creating prefix chain script '/home/hyc/ros2_ws/src/ros2-vicon-receiver/vicon_receiver/install/setup.bash'
[0.887s] INFO:colcon.colcon_core.shell:Creating prefix script '/home/hyc/ros2_ws/src/ros2-vicon-receiver/vicon_receiver/install/local_setup.zsh'
[0.887s] INFO:colcon.colcon_core.shell:Creating prefix chain script '/home/hyc/ros2_ws/src/ros2-vicon-receiver/vicon_receiver/install/setup.zsh'
