[0.011s] Invoking command in '/home/hyc/ros2_ws/src/ros2-vicon/vicon_receiver/build/vicon_receiver': /usr/bin/cmake --build /home/hyc/ros2_ws/src/ros2-vicon/vicon_receiver/build/vicon_receiver -- -j20 -l20
[0.023s] [0mCMake Error: The current CMakeCache.txt directory /home/hyc/ros2_ws/src/ros2-vicon/vicon_receiver/build/vicon_receiver/CMakeCache.txt is different than the directory /home/hyc/ros2_ws/src/ros2-vicon-receiver/vicon_receiver/build/vicon_receiver where CMakeCache.txt was created. This may result in binaries being created in the wrong place. If you are not sure, reedit the CMakeCache.txt[0m
[0.069s] [  2%] Built target vicon_receiver__cpp
[0.073s] [ 11%] Built target vicon_receiver__rosidl_generator_c
[0.073s] [ 11%] Built target ament_cmake_python_symlink_vicon_receiver
[0.082s] [ 38%] Built target vicon_receiver__rosidl_typesupport_fastrtps_cpp
[0.083s] [ 38%] Built target vicon_receiver__rosidl_typesupport_introspection_cpp
[0.083s] [ 38%] Built target vicon_receiver__rosidl_typesupport_cpp
[0.083s] [ 47%] Built target vicon_receiver__rosidl_typesupport_c
[0.084s] [ 55%] Built target vicon_receiver__rosidl_typesupport_introspection_c
[0.087s] [ 64%] Built target vicon_receiver__rosidl_typesupport_fastrtps_c
[0.096s] [ 64%] Built target vicon_receiver
[0.105s] [ 67%] Built target vicon_receiver__py
[0.119s] [ 73%] Built target vicon_receiver__rosidl_generator_py
[0.124s] [ 82%] Built target vicon_client
[0.131s] [100%] Built target vicon_receiver__rosidl_typesupport_fastrtps_c__pyext
[0.131s] [100%] Built target vicon_receiver__rosidl_typesupport_c__pyext
[0.131s] [100%] Built target vicon_receiver__rosidl_typesupport_introspection_c__pyext
[0.167s] running egg_info
[0.167s] writing vicon_receiver.egg-info/PKG-INFO
[0.167s] writing dependency_links to vicon_receiver.egg-info/dependency_links.txt
[0.167s] writing top-level names to vicon_receiver.egg-info/top_level.txt
[0.169s] reading manifest file 'vicon_receiver.egg-info/SOURCES.txt'
[0.169s] writing manifest file 'vicon_receiver.egg-info/SOURCES.txt'
[0.182s] [100%] Built target ament_cmake_python_build_vicon_receiver_egg
[0.187s] Invoked command in '/home/hyc/ros2_ws/src/ros2-vicon/vicon_receiver/build/vicon_receiver' returned '0': /usr/bin/cmake --build /home/hyc/ros2_ws/src/ros2-vicon/vicon_receiver/build/vicon_receiver -- -j20 -l20
[0.218s] Invoking command in '/home/hyc/ros2_ws/src/ros2-vicon/vicon_receiver/build/vicon_receiver': /usr/bin/cmake --install /home/hyc/ros2_ws/src/ros2-vicon/vicon_receiver/build/vicon_receiver
[0.223s] -- Install configuration: ""
[0.223s] -- Execute custom install script
[0.224s] -- Up-to-date symlink: /home/hyc/ros2_ws/src/ros2-vicon-receiver/vicon_receiver/install/vicon_receiver/share/ament_index/resource_index/rosidl_interfaces/vicon_receiver
[0.224s] -- Up-to-date symlink: /home/hyc/ros2_ws/src/ros2-vicon-receiver/vicon_receiver/install/vicon_receiver/include/vicon_receiver/vicon_receiver/msg/detail/position__functions.h
[0.224s] -- Up-to-date symlink: /home/hyc/ros2_ws/src/ros2-vicon-receiver/vicon_receiver/install/vicon_receiver/include/vicon_receiver/vicon_receiver/msg/detail/position__struct.h
[0.225s] -- Up-to-date symlink: /home/hyc/ros2_ws/src/ros2-vicon-receiver/vicon_receiver/install/vicon_receiver/include/vicon_receiver/vicon_receiver/msg/detail/position__type_support.h
[0.225s] -- Up-to-date symlink: /home/hyc/ros2_ws/src/ros2-vicon-receiver/vicon_receiver/install/vicon_receiver/include/vicon_receiver/vicon_receiver/msg/position.h
[0.225s] -- Up-to-date symlink: /home/hyc/ros2_ws/src/ros2-vicon-receiver/vicon_receiver/install/vicon_receiver/include/vicon_receiver/vicon_receiver/msg/rosidl_generator_c__visibility_control.h
[0.225s] -- Up-to-date symlink: /home/hyc/ros2_ws/src/ros2-vicon-receiver/vicon_receiver/install/vicon_receiver/share/vicon_receiver/environment/library_path.sh
[0.225s] -- Up-to-date symlink: /home/hyc/ros2_ws/src/ros2-vicon-receiver/vicon_receiver/install/vicon_receiver/share/vicon_receiver/environment/library_path.dsv
[0.226s] -- Up-to-date symlink: /home/hyc/ros2_ws/src/ros2-vicon-receiver/vicon_receiver/install/vicon_receiver/include/vicon_receiver/vicon_receiver/msg/detail/position__rosidl_typesupport_fastrtps_c.h
[0.226s] -- Up-to-date symlink: /home/hyc/ros2_ws/src/ros2-vicon-receiver/vicon_receiver/install/vicon_receiver/include/vicon_receiver/vicon_receiver/msg/rosidl_typesupport_fastrtps_c__visibility_control.h
[0.226s] -- Up-to-date symlink: /home/hyc/ros2_ws/src/ros2-vicon-receiver/vicon_receiver/install/vicon_receiver/include/vicon_receiver/vicon_receiver/msg/detail/position__rosidl_typesupport_introspection_c.h
[0.226s] -- Up-to-date symlink: /home/hyc/ros2_ws/src/ros2-vicon-receiver/vicon_receiver/install/vicon_receiver/include/vicon_receiver/vicon_receiver/msg/rosidl_typesupport_introspection_c__visibility_control.h
[0.227s] -- Up-to-date symlink: /home/hyc/ros2_ws/src/ros2-vicon-receiver/vicon_receiver/install/vicon_receiver/include/vicon_receiver/vicon_receiver/msg/detail/position__builder.hpp
[0.227s] -- Up-to-date symlink: /home/hyc/ros2_ws/src/ros2-vicon-receiver/vicon_receiver/install/vicon_receiver/include/vicon_receiver/vicon_receiver/msg/detail/position__struct.hpp
[0.227s] -- Up-to-date symlink: /home/hyc/ros2_ws/src/ros2-vicon-receiver/vicon_receiver/install/vicon_receiver/include/vicon_receiver/vicon_receiver/msg/detail/position__traits.hpp
[0.227s] -- Up-to-date symlink: /home/hyc/ros2_ws/src/ros2-vicon-receiver/vicon_receiver/install/vicon_receiver/include/vicon_receiver/vicon_receiver/msg/position.hpp
[0.228s] -- Up-to-date symlink: /home/hyc/ros2_ws/src/ros2-vicon-receiver/vicon_receiver/install/vicon_receiver/include/vicon_receiver/vicon_receiver/msg/detail/position__rosidl_typesupport_fastrtps_cpp.hpp
[0.228s] -- Up-to-date symlink: /home/hyc/ros2_ws/src/ros2-vicon-receiver/vicon_receiver/install/vicon_receiver/include/vicon_receiver/vicon_receiver/msg/rosidl_typesupport_fastrtps_cpp__visibility_control.h
[0.228s] -- Up-to-date symlink: /home/hyc/ros2_ws/src/ros2-vicon-receiver/vicon_receiver/install/vicon_receiver/include/vicon_receiver/vicon_receiver/msg/detail/position__rosidl_typesupport_introspection_cpp.hpp
[0.229s] -- Up-to-date symlink: /home/hyc/ros2_ws/src/ros2-vicon-receiver/vicon_receiver/install/vicon_receiver/share/vicon_receiver/environment/pythonpath.sh
[0.229s] -- Up-to-date symlink: /home/hyc/ros2_ws/src/ros2-vicon-receiver/vicon_receiver/install/vicon_receiver/share/vicon_receiver/environment/pythonpath.dsv
[0.229s] -- Up-to-date symlink: /home/hyc/ros2_ws/src/ros2-vicon-receiver/vicon_receiver/install/vicon_receiver/local/lib/python3.10/dist-packages/vicon_receiver-0.1.1-py3.10.egg-info/PKG-INFO
[0.229s] -- Up-to-date symlink: /home/hyc/ros2_ws/src/ros2-vicon-receiver/vicon_receiver/install/vicon_receiver/local/lib/python3.10/dist-packages/vicon_receiver-0.1.1-py3.10.egg-info/SOURCES.txt
[0.229s] -- Up-to-date symlink: /home/hyc/ros2_ws/src/ros2-vicon-receiver/vicon_receiver/install/vicon_receiver/local/lib/python3.10/dist-packages/vicon_receiver-0.1.1-py3.10.egg-info/dependency_links.txt
[0.230s] -- Up-to-date symlink: /home/hyc/ros2_ws/src/ros2-vicon-receiver/vicon_receiver/install/vicon_receiver/local/lib/python3.10/dist-packages/vicon_receiver-0.1.1-py3.10.egg-info/top_level.txt
[0.230s] -- Up-to-date symlink: /home/hyc/ros2_ws/src/ros2-vicon-receiver/vicon_receiver/install/vicon_receiver/local/lib/python3.10/dist-packages/vicon_receiver/__init__.py
[0.230s] -- Up-to-date symlink: /home/hyc/ros2_ws/src/ros2-vicon-receiver/vicon_receiver/install/vicon_receiver/local/lib/python3.10/dist-packages/vicon_receiver/_vicon_receiver_s.ep.rosidl_typesupport_c.c
[0.230s] -- Up-to-date symlink: /home/hyc/ros2_ws/src/ros2-vicon-receiver/vicon_receiver/install/vicon_receiver/local/lib/python3.10/dist-packages/vicon_receiver/_vicon_receiver_s.ep.rosidl_typesupport_fastrtps_c.c
[0.230s] -- Up-to-date symlink: /home/hyc/ros2_ws/src/ros2-vicon-receiver/vicon_receiver/install/vicon_receiver/local/lib/python3.10/dist-packages/vicon_receiver/_vicon_receiver_s.ep.rosidl_typesupport_introspection_c.c
[0.230s] -- Up-to-date symlink: /home/hyc/ros2_ws/src/ros2-vicon-receiver/vicon_receiver/install/vicon_receiver/local/lib/python3.10/dist-packages/vicon_receiver/libvicon_receiver__rosidl_generator_py.so
[0.231s] -- Up-to-date symlink: /home/hyc/ros2_ws/src/ros2-vicon-receiver/vicon_receiver/install/vicon_receiver/local/lib/python3.10/dist-packages/vicon_receiver/msg/__init__.py
[0.231s] -- Up-to-date symlink: /home/hyc/ros2_ws/src/ros2-vicon-receiver/vicon_receiver/install/vicon_receiver/local/lib/python3.10/dist-packages/vicon_receiver/msg/_position.py
[0.231s] -- Up-to-date symlink: /home/hyc/ros2_ws/src/ros2-vicon-receiver/vicon_receiver/install/vicon_receiver/local/lib/python3.10/dist-packages/vicon_receiver/msg/_position_s.c
[0.231s] -- Up-to-date symlink: /home/hyc/ros2_ws/src/ros2-vicon-receiver/vicon_receiver/install/vicon_receiver/local/lib/python3.10/dist-packages/vicon_receiver/vicon_receiver_s__rosidl_typesupport_c.cpython-310-x86_64-linux-gnu.so
[0.231s] -- Up-to-date symlink: /home/hyc/ros2_ws/src/ros2-vicon-receiver/vicon_receiver/install/vicon_receiver/local/lib/python3.10/dist-packages/vicon_receiver/vicon_receiver_s__rosidl_typesupport_fastrtps_c.cpython-310-x86_64-linux-gnu.so
[0.231s] -- Up-to-date symlink: /home/hyc/ros2_ws/src/ros2-vicon-receiver/vicon_receiver/install/vicon_receiver/local/lib/python3.10/dist-packages/vicon_receiver/vicon_receiver_s__rosidl_typesupport_introspection_c.cpython-310-x86_64-linux-gnu.so
[0.231s] -- Up-to-date symlink: /home/hyc/ros2_ws/src/ros2-vicon-receiver/vicon_receiver/install/vicon_receiver/local/lib/python3.10/dist-packages/vicon_receiver/vicon_receiver_s__rosidl_typesupport_fastrtps_c.cpython-310-x86_64-linux-gnu.so
[0.231s] -- Up-to-date symlink: /home/hyc/ros2_ws/src/ros2-vicon-receiver/vicon_receiver/install/vicon_receiver/local/lib/python3.10/dist-packages/vicon_receiver/vicon_receiver_s__rosidl_typesupport_introspection_c.cpython-310-x86_64-linux-gnu.so
[0.232s] -- Up-to-date symlink: /home/hyc/ros2_ws/src/ros2-vicon-receiver/vicon_receiver/install/vicon_receiver/local/lib/python3.10/dist-packages/vicon_receiver/vicon_receiver_s__rosidl_typesupport_c.cpython-310-x86_64-linux-gnu.so
[0.232s] -- Up-to-date symlink: /home/hyc/ros2_ws/src/ros2-vicon-receiver/vicon_receiver/install/vicon_receiver/share/vicon_receiver/msg/Position.idl
[0.232s] -- Up-to-date symlink: /home/hyc/ros2_ws/src/ros2-vicon-receiver/vicon_receiver/install/vicon_receiver/share/vicon_receiver/msg/Position.msg
[0.232s] -- Up-to-date symlink: /home/hyc/ros2_ws/src/ros2-vicon-receiver/vicon_receiver/install/vicon_receiver/lib/vicon_receiver/vicon_client
[0.232s] -- Up-to-date symlink: /home/hyc/ros2_ws/src/ros2-vicon-receiver/vicon_receiver/install/vicon_receiver/share/vicon_receiver//launch/client.launch.py
[0.232s] -- Up-to-date symlink: /home/hyc/ros2_ws/src/ros2-vicon-receiver/vicon_receiver/install/vicon_receiver/share/ament_index/resource_index/package_run_dependencies/vicon_receiver
[0.232s] -- Up-to-date symlink: /home/hyc/ros2_ws/src/ros2-vicon-receiver/vicon_receiver/install/vicon_receiver/share/ament_index/resource_index/parent_prefix_path/vicon_receiver
[0.232s] -- Up-to-date symlink: /home/hyc/ros2_ws/src/ros2-vicon-receiver/vicon_receiver/install/vicon_receiver/share/vicon_receiver/environment/ament_prefix_path.sh
[0.232s] -- Up-to-date symlink: /home/hyc/ros2_ws/src/ros2-vicon-receiver/vicon_receiver/install/vicon_receiver/share/vicon_receiver/environment/ament_prefix_path.dsv
[0.232s] -- Up-to-date symlink: /home/hyc/ros2_ws/src/ros2-vicon-receiver/vicon_receiver/install/vicon_receiver/share/vicon_receiver/environment/path.sh
[0.232s] -- Up-to-date symlink: /home/hyc/ros2_ws/src/ros2-vicon-receiver/vicon_receiver/install/vicon_receiver/share/vicon_receiver/environment/path.dsv
[0.232s] -- Up-to-date symlink: /home/hyc/ros2_ws/src/ros2-vicon-receiver/vicon_receiver/install/vicon_receiver/share/vicon_receiver/local_setup.bash
[0.233s] -- Up-to-date symlink: /home/hyc/ros2_ws/src/ros2-vicon-receiver/vicon_receiver/install/vicon_receiver/share/vicon_receiver/local_setup.sh
[0.233s] -- Up-to-date symlink: /home/hyc/ros2_ws/src/ros2-vicon-receiver/vicon_receiver/install/vicon_receiver/share/vicon_receiver/local_setup.zsh
[0.233s] -- Up-to-date symlink: /home/hyc/ros2_ws/src/ros2-vicon-receiver/vicon_receiver/install/vicon_receiver/share/vicon_receiver/local_setup.dsv
[0.233s] -- Symlinking: /home/hyc/ros2_ws/src/ros2-vicon-receiver/vicon_receiver/install/vicon_receiver/share/vicon_receiver/package.dsv
[0.238s] -- Up-to-date symlink: /home/hyc/ros2_ws/src/ros2-vicon-receiver/vicon_receiver/install/vicon_receiver/share/ament_index/resource_index/packages/vicon_receiver
[0.238s] -- Up-to-date symlink: /home/hyc/ros2_ws/src/ros2-vicon-receiver/vicon_receiver/install/vicon_receiver/share/vicon_receiver/cmake/rosidl_cmake-extras.cmake
[0.238s] -- Up-to-date symlink: /home/hyc/ros2_ws/src/ros2-vicon-receiver/vicon_receiver/install/vicon_receiver/share/vicon_receiver/cmake/ament_cmake_export_include_directories-extras.cmake
[0.239s] -- Up-to-date symlink: /home/hyc/ros2_ws/src/ros2-vicon-receiver/vicon_receiver/install/vicon_receiver/share/vicon_receiver/cmake/ament_cmake_export_libraries-extras.cmake
[0.239s] -- Up-to-date symlink: /home/hyc/ros2_ws/src/ros2-vicon-receiver/vicon_receiver/install/vicon_receiver/share/vicon_receiver/cmake/ament_cmake_export_targets-extras.cmake
[0.239s] -- Up-to-date symlink: /home/hyc/ros2_ws/src/ros2-vicon-receiver/vicon_receiver/install/vicon_receiver/share/vicon_receiver/cmake/rosidl_cmake_export_typesupport_targets-extras.cmake
[0.239s] -- Up-to-date symlink: /home/hyc/ros2_ws/src/ros2-vicon-receiver/vicon_receiver/install/vicon_receiver/share/vicon_receiver/cmake/ament_cmake_export_dependencies-extras.cmake
[0.239s] -- Up-to-date symlink: /home/hyc/ros2_ws/src/ros2-vicon-receiver/vicon_receiver/install/vicon_receiver/share/vicon_receiver/cmake/rosidl_cmake_export_typesupport_libraries-extras.cmake
[0.239s] -- Up-to-date symlink: /home/hyc/ros2_ws/src/ros2-vicon-receiver/vicon_receiver/install/vicon_receiver/share/vicon_receiver/cmake/vicon_receiverConfig.cmake
[0.239s] -- Up-to-date symlink: /home/hyc/ros2_ws/src/ros2-vicon-receiver/vicon_receiver/install/vicon_receiver/share/vicon_receiver/cmake/vicon_receiverConfig-version.cmake
[0.239s] -- Up-to-date symlink: /home/hyc/ros2_ws/src/ros2-vicon-receiver/vicon_receiver/install/vicon_receiver/share/vicon_receiver/package.xml
[0.239s] -- Up-to-date: /home/hyc/ros2_ws/src/ros2-vicon-receiver/vicon_receiver/install/vicon_receiver/lib/libvicon_receiver__rosidl_generator_c.so
[0.239s] -- Up-to-date: /home/hyc/ros2_ws/src/ros2-vicon-receiver/vicon_receiver/install/vicon_receiver/lib/libvicon_receiver__rosidl_typesupport_fastrtps_c.so
[0.240s] -- Up-to-date: /home/hyc/ros2_ws/src/ros2-vicon-receiver/vicon_receiver/install/vicon_receiver/lib/libvicon_receiver__rosidl_typesupport_introspection_c.so
[0.240s] -- Up-to-date: /home/hyc/ros2_ws/src/ros2-vicon-receiver/vicon_receiver/install/vicon_receiver/lib/libvicon_receiver__rosidl_typesupport_c.so
[0.240s] -- Up-to-date: /home/hyc/ros2_ws/src/ros2-vicon-receiver/vicon_receiver/install/vicon_receiver/lib/libvicon_receiver__rosidl_typesupport_fastrtps_cpp.so
[0.240s] -- Up-to-date: /home/hyc/ros2_ws/src/ros2-vicon-receiver/vicon_receiver/install/vicon_receiver/lib/libvicon_receiver__rosidl_typesupport_introspection_cpp.so
[0.240s] -- Up-to-date: /home/hyc/ros2_ws/src/ros2-vicon-receiver/vicon_receiver/install/vicon_receiver/lib/libvicon_receiver__rosidl_typesupport_cpp.so
[0.260s] Listing '/home/hyc/ros2_ws/src/ros2-vicon-receiver/vicon_receiver/install/vicon_receiver/local/lib/python3.10/dist-packages/vicon_receiver'...
[0.260s] Listing '/home/hyc/ros2_ws/src/ros2-vicon-receiver/vicon_receiver/install/vicon_receiver/local/lib/python3.10/dist-packages/vicon_receiver/msg'...
[0.262s] -- Up-to-date: /home/hyc/ros2_ws/src/ros2-vicon-receiver/vicon_receiver/install/vicon_receiver/lib/libvicon_receiver__rosidl_generator_py.so
[0.262s] -- Up-to-date: /home/hyc/ros2_ws/src/ros2-vicon-receiver/vicon_receiver/install/vicon_receiver/share/vicon_receiver/cmake/export_vicon_receiver__rosidl_generator_cExport.cmake
[0.262s] -- Up-to-date: /home/hyc/ros2_ws/src/ros2-vicon-receiver/vicon_receiver/install/vicon_receiver/share/vicon_receiver/cmake/export_vicon_receiver__rosidl_generator_cExport-noconfig.cmake
[0.262s] -- Up-to-date: /home/hyc/ros2_ws/src/ros2-vicon-receiver/vicon_receiver/install/vicon_receiver/share/vicon_receiver/cmake/export_vicon_receiver__rosidl_typesupport_fastrtps_cExport.cmake
[0.262s] -- Up-to-date: /home/hyc/ros2_ws/src/ros2-vicon-receiver/vicon_receiver/install/vicon_receiver/share/vicon_receiver/cmake/export_vicon_receiver__rosidl_typesupport_fastrtps_cExport-noconfig.cmake
[0.262s] -- Up-to-date: /home/hyc/ros2_ws/src/ros2-vicon-receiver/vicon_receiver/install/vicon_receiver/share/vicon_receiver/cmake/vicon_receiver__rosidl_typesupport_introspection_cExport.cmake
[0.262s] -- Up-to-date: /home/hyc/ros2_ws/src/ros2-vicon-receiver/vicon_receiver/install/vicon_receiver/share/vicon_receiver/cmake/vicon_receiver__rosidl_typesupport_introspection_cExport-noconfig.cmake
[0.262s] -- Up-to-date: /home/hyc/ros2_ws/src/ros2-vicon-receiver/vicon_receiver/install/vicon_receiver/share/vicon_receiver/cmake/vicon_receiver__rosidl_typesupport_cExport.cmake
[0.262s] -- Up-to-date: /home/hyc/ros2_ws/src/ros2-vicon-receiver/vicon_receiver/install/vicon_receiver/share/vicon_receiver/cmake/vicon_receiver__rosidl_typesupport_cExport-noconfig.cmake
[0.262s] -- Up-to-date: /home/hyc/ros2_ws/src/ros2-vicon-receiver/vicon_receiver/install/vicon_receiver/share/vicon_receiver/cmake/export_vicon_receiver__rosidl_generator_cppExport.cmake
[0.262s] -- Up-to-date: /home/hyc/ros2_ws/src/ros2-vicon-receiver/vicon_receiver/install/vicon_receiver/share/vicon_receiver/cmake/export_vicon_receiver__rosidl_typesupport_fastrtps_cppExport.cmake
[0.262s] -- Up-to-date: /home/hyc/ros2_ws/src/ros2-vicon-receiver/vicon_receiver/install/vicon_receiver/share/vicon_receiver/cmake/export_vicon_receiver__rosidl_typesupport_fastrtps_cppExport-noconfig.cmake
[0.262s] -- Up-to-date: /home/hyc/ros2_ws/src/ros2-vicon-receiver/vicon_receiver/install/vicon_receiver/share/vicon_receiver/cmake/vicon_receiver__rosidl_typesupport_introspection_cppExport.cmake
[0.262s] -- Up-to-date: /home/hyc/ros2_ws/src/ros2-vicon-receiver/vicon_receiver/install/vicon_receiver/share/vicon_receiver/cmake/vicon_receiver__rosidl_typesupport_introspection_cppExport-noconfig.cmake
[0.262s] -- Up-to-date: /home/hyc/ros2_ws/src/ros2-vicon-receiver/vicon_receiver/install/vicon_receiver/share/vicon_receiver/cmake/vicon_receiver__rosidl_typesupport_cppExport.cmake
[0.262s] -- Up-to-date: /home/hyc/ros2_ws/src/ros2-vicon-receiver/vicon_receiver/install/vicon_receiver/share/vicon_receiver/cmake/vicon_receiver__rosidl_typesupport_cppExport-noconfig.cmake
[0.262s] -- Up-to-date: /home/hyc/ros2_ws/src/ros2-vicon-receiver/vicon_receiver/install/vicon_receiver/share/vicon_receiver/cmake/export_vicon_receiver__rosidl_generator_pyExport.cmake
[0.262s] -- Up-to-date: /home/hyc/ros2_ws/src/ros2-vicon-receiver/vicon_receiver/install/vicon_receiver/share/vicon_receiver/cmake/export_vicon_receiver__rosidl_generator_pyExport-noconfig.cmake
[0.263s] Invoked command in '/home/hyc/ros2_ws/src/ros2-vicon/vicon_receiver/build/vicon_receiver' returned '0': /usr/bin/cmake --install /home/hyc/ros2_ws/src/ros2-vicon/vicon_receiver/build/vicon_receiver
